Performing C SOURCE FILE Test CMAKE_HAVE_LIBC_PTHREAD failed with the following output:
Change Dir: /home/mario/apps/vsomeip/build/examples/vsomeip_vectorsomeip/CMakeFiles/CMakeTmp

Run Build Command(s):/usr/bin/make cmTC_42887/fast && /usr/bin/make -f CMakeFiles/cmTC_42887.dir/build.make CMakeFiles/cmTC_42887.dir/build
make[1]: Entering directory '/home/mario/apps/vsomeip/build/examples/vsomeip_vectorsomeip/CMakeFiles/CMakeTmp'
Building C object CMakeFiles/cmTC_42887.dir/src.c.o
/usr/bin/cc   -DCMAKE_HAVE_LIBC_PTHREAD   -o CMakeFiles/cmTC_42887.dir/src.c.o   -c /home/mario/apps/vsomeip/build/examples/vsomeip_vectorsomeip/CMakeFiles/CMakeTmp/src.c
Linking C executable cmTC_42887
/usr/local/bin/cmake -E cmake_link_script CMakeFiles/cmTC_42887.dir/link.txt --verbose=1
/usr/bin/cc  -DCMAKE_HAVE_LIBC_PTHREAD    -rdynamic CMakeFiles/cmTC_42887.dir/src.c.o  -o cmTC_42887 
CMakeFiles/cmTC_42887.dir/src.c.o: In function `main':
src.c:(.text+0x3c): undefined reference to `pthread_create'
src.c:(.text+0x48): undefined reference to `pthread_detach'
src.c:(.text+0x59): undefined reference to `pthread_join'
src.c:(.text+0x6d): undefined reference to `pthread_atfork'
collect2: error: ld returned 1 exit status
CMakeFiles/cmTC_42887.dir/build.make:86: recipe for target 'cmTC_42887' failed
make[1]: *** [cmTC_42887] Error 1
make[1]: Leaving directory '/home/mario/apps/vsomeip/build/examples/vsomeip_vectorsomeip/CMakeFiles/CMakeTmp'
Makefile:121: recipe for target 'cmTC_42887/fast' failed
make: *** [cmTC_42887/fast] Error 2


Source file was:
#include <pthread.h>

void* test_func(void* data)
{
  return data;
}

int main(void)
{
  pthread_t thread;
  pthread_create(&thread, NULL, test_func, NULL);
  pthread_detach(thread);
  pthread_join(thread, NULL);
  pthread_atfork(NULL, NULL, NULL);
  pthread_exit(NULL);

  return 0;
}

Determining if the function pthread_create exists in the pthreads failed with the following output:
Change Dir: /home/mario/apps/vsomeip/build/examples/vsomeip_vectorsomeip/CMakeFiles/CMakeTmp

Run Build Command(s):/usr/bin/make cmTC_48245/fast && /usr/bin/make -f CMakeFiles/cmTC_48245.dir/build.make CMakeFiles/cmTC_48245.dir/build
make[1]: Entering directory '/home/mario/apps/vsomeip/build/examples/vsomeip_vectorsomeip/CMakeFiles/CMakeTmp'
Building C object CMakeFiles/cmTC_48245.dir/CheckFunctionExists.c.o
/usr/bin/cc   -DCHECK_FUNCTION_EXISTS=pthread_create   -o CMakeFiles/cmTC_48245.dir/CheckFunctionExists.c.o   -c /usr/local/share/cmake-3.16/Modules/CheckFunctionExists.c
Linking C executable cmTC_48245
/usr/local/bin/cmake -E cmake_link_script CMakeFiles/cmTC_48245.dir/link.txt --verbose=1
/usr/bin/cc  -DCHECK_FUNCTION_EXISTS=pthread_create    -rdynamic CMakeFiles/cmTC_48245.dir/CheckFunctionExists.c.o  -o cmTC_48245  -lpthreads 
/usr/bin/ld: cannot find -lpthreads
collect2: error: ld returned 1 exit status
CMakeFiles/cmTC_48245.dir/build.make:86: recipe for target 'cmTC_48245' failed
make[1]: *** [cmTC_48245] Error 1
make[1]: Leaving directory '/home/mario/apps/vsomeip/build/examples/vsomeip_vectorsomeip/CMakeFiles/CMakeTmp'
Makefile:121: recipe for target 'cmTC_48245/fast' failed
make: *** [cmTC_48245/fast] Error 2



